  % Total    % Received % Xferd  Average Speed   Time    Time     Time  Current
                                 Dload  Upload   Total   Spent    Left  Speed
  0     0    0     0    0     0      0      0 --:--:-- --:--:-- --:--:--     0100  861k  100  861k    0     0  2196k      0 --:--:-- --:--:-- --:--:-- 2202k
  % Total    % Received % Xferd  Average Speed   Time    Time     Time  Current
                                 Dload  Upload   Total   Spent    Left  Speed
  0     0    0     0    0     0      0      0 --:--:-- --:--:-- --:--:--     0  0     0    0     0    0     0      0      0 --:--:-- --:--:-- --:--:--     0100  586k  100  586k    0     0  1316k      0 --:--:-- --:--:-- --:--:-- 1315k
  % Total    % Received % Xferd  Average Speed   Time    Time     Time  Current
                                 Dload  Upload   Total   Spent    Left  Speed
  0     0    0     0    0     0      0      0 --:--:-- --:--:-- --:--:--     0100  222k  100  222k    0     0   871k      0 --:--:-- --:--:-- --:--:--  874k
  Already present, skipping: GCF_900104745.1_IMG-taxon 2636416006 annotated assembly
Manifest: 163 new genomes to process
Validating FTP paths...
  BLACKLISTED (FTP not found): GCF_029277405.1_ASM2927740v1
  BLACKLISTED (FTP not found): GCF_000816985.1_ASM81698v1
  BLACKLISTED (FTP not found): GCF_000317695.1_ASM31769v1
  BLACKLISTED (FTP not found): GCF_055386145.1_ASM5538614v1
  BLACKLISTED (FTP not found): GCF_025213355.1_ASM2521335v1
  BLACKLISTED (FTP not found): GCF_004803955.2_ASM480395v2
  BLACKLISTED (FTP not found): GCF_000010945.1_ASM1094v1
  BLACKLISTED (FTP not found): GCF_002844395.1_ASM284439v1
  BLACKLISTED (FTP not found): GCF_000010965.1_ASM1096v1
  BLACKLISTED (FTP not found): GCF_000010925.1_ASM1092v1
  BLACKLISTED (FTP not found): GCF_049200475.1_IAE_Acetogen_N
  BLACKLISTED (FTP not found): GCF_000193495.2_ASM19349v2
  BLACKLISTED (FTP not found): GCF_047456285.1_57435
  BLACKLISTED (FTP not found): GCF_003260995.1_ASM326099v1
  BLACKLISTED (FTP not found): GCF_900660755.1_57792_F01-3
  BLACKLISTED (FTP not found): GCF_001971645.1_ASM197164v1
  BLACKLISTED (FTP not found): GCF_900476025.1_50465_E02
  BLACKLISTED (FTP not found): GCF_002205315.1_ASM220531v1
  BLACKLISTED (FTP not found): GCF_002902905.1_ASM290290v1
  BLACKLISTED (FTP not found): GCF_002812705.1_ASM281270v1
  BLACKLISTED (FTP not found): GCF_002966795.1_ASM296679v1
  BLACKLISTED (FTP not found): GCF_902381715.1_UHGG_MGYG-HGUT-01440
  BLACKLISTED (FTP not found): GCF_003325455.1_ASM332545v1
  BLACKLISTED (FTP not found): GCF_047834495.1_ASM4783449v1
  BLACKLISTED (FTP not found): GCF_003956085.1_ASM395608v1
  BLACKLISTED (FTP not found): GCF_001650235.3_ASM165023v3
  BLACKLISTED (FTP not found): GCF_004011055.1_ASM401105v1
  BLACKLISTED (FTP not found): GCF_003721225.2_CJ2_v4
  BLACKLISTED (FTP not found): GCF_003966655.1_ASM396665v1
  BLACKLISTED (FTP not found): GCF_000187205.2_ASM18720v4
  BLACKLISTED (FTP not found): GCF_000188215.1_ASM18821v1
  BLACKLISTED (FTP not found): GCF_008926505.1_ASM892650v1
  BLACKLISTED (FTP not found): GCF_000191145.1_ASM19114v1
  BLACKLISTED (FTP not found): GCF_000196795.1_ASM19679v1
  BLACKLISTED (FTP not found): GCF_049311605.1_LHW52806
  BLACKLISTED (FTP not found): GCF_045208485.1_ASM4520848v1
  BLACKLISTED (FTP not found): GCF_000226275.2_ASM22627v2
  BLACKLISTED (FTP not found): GCF_000739435.1_ASM73943v1
  BLACKLISTED (FTP not found): GCF_055233915.1_ASM5523391v1
  BLACKLISTED (FTP not found): GCF_001460855.1_MIDG2331
  BLACKLISTED (FTP not found): GCF_000801145.1_ASM80114v1
  BLACKLISTED (FTP not found): GCF_003101015.1_ASM310101v1
  BLACKLISTED (FTP not found): GCF_003290385.1_ASM329038v1
  BLACKLISTED (FTP not found): GCF_037081795.1_ASM3708179v1
  BLACKLISTED (FTP not found): GCF_036226265.1_ASM3622626v1
  BLACKLISTED (FTP not found): GCF_002999235.1_ASM299923v1
  BLACKLISTED (FTP not found): GCF_050944745.1_MDNA_WGS_274_assembly
  BLACKLISTED (FTP not found): GCF_050942435.1_MDNA_WGS_314_assembly
  BLACKLISTED (FTP not found): GCF_047130825.1_ASM4713082v1
  BLACKLISTED (FTP not found): GCF_004010955.1_ASM401095v1
  BLACKLISTED (FTP not found): GCF_004798665.1_ASM479866v1
  BLACKLISTED (FTP not found): GCF_004102025.1_ASM410202v1
  BLACKLISTED (FTP not found): GCF_018324205.1_ASM1832420v1
  BLACKLISTED (FTP not found): GCF_030252345.1_ASM3025234v1
  BLACKLISTED (FTP not found): GCF_004001265.1_ASM400126v1
  BLACKLISTED (FTP not found): GCF_019704555.1_ASM1970455v1
  BLACKLISTED (FTP not found): GCF_046352995.1_ASM4635299v1
  BLACKLISTED (FTP not found): GCF_003111765.1_ASM311176v1
  BLACKLISTED (FTP not found): GCF_037965815.1_PS01880
  BLACKLISTED (FTP not found): GCF_037966125.1_PS01877
  BLACKLISTED (FTP not found): GCF_001543205.1_ASM154320v1
  BLACKLISTED (FTP not found): GCF_009649075.1_ASM964907v1
  BLACKLISTED (FTP not found): GCF_003065605.1_ASM306560v1
  BLACKLISTED (FTP not found): GCF_000014805.1_ASM1480v1
  BLACKLISTED (FTP not found): GCF_003443875.1_ASM344387v1
  BLACKLISTED (FTP not found): GCF_014334735.1_ASM1433473v1
  BLACKLISTED (FTP not found): GCF_000287215.2_ASM28721v3
  BLACKLISTED (FTP not found): GCF_000401555.1_ASM40155v1
  BLACKLISTED (FTP not found): GCF_012913305.1_ASM1291330v1
  BLACKLISTED (FTP not found): GCF_003967035.1_ASM396703v1
  BLACKLISTED (FTP not found): GCF_030908365.1_ASM3090836v1
  BLACKLISTED (FTP not found): GCF_025136295.1_ASM2513629v1
  BLACKLISTED (FTP not found): GCF_040932005.1_ASM4093200v1
  BLACKLISTED (FTP not found): GCF_965227715.1_piParTeta1.Aestuariivirga_sp_1.1
  BLACKLISTED (FTP not found): GCF_011046245.1_ASM1104624v1
  BLACKLISTED (FTP not found): GCF_031326225.1_ASM3132622v1
  BLACKLISTED (FTP not found): GCF_000218565.1_ASM21856v1
  BLACKLISTED (FTP not found): GCF_000218585.1_ASM21858v1
  BLACKLISTED (FTP not found): GCF_029030725.1_ASM2903072v1
  BLACKLISTED (FTP not found): GCF_041346925.1_ASM4134692v1
  BLACKLISTED (FTP not found): GCF_037076585.1_ASM3707658v1
  BLACKLISTED (FTP not found): GCF_002157225.2_ASM215722v2
  BLACKLISTED (FTP not found): GCF_001420915.1_ASM142091v1
  BLACKLISTED (FTP not found): GCF_023238625.1_ASM2323862v1
  BLACKLISTED (FTP not found): GCF_019670105.1_ASM1967010v1
  BLACKLISTED (FTP not found): GCF_000020605.1_ASM2060v1
  BLACKLISTED (FTP not found): GCF_023373605.1_ASM2337360v1
  BLACKLISTED (FTP not found): GCF_036419255.1_ASM3641925v1
  BLACKLISTED (FTP not found): GCF_022453685.1_ASM2245368v1
  BLACKLISTED (FTP not found): GCF_055639995.1_ASM5563999v1
  BLACKLISTED (FTP not found): GCF_042850025.1_ASM4285002v1
  BLACKLISTED (FTP not found): GCF_000163615.3_ASM16361v3
  BLACKLISTED (FTP not found): GCF_000604045.1_ASM60404v1
  BLACKLISTED (FTP not found): GCF_000022985.1_ASM2298v1
  BLACKLISTED (FTP not found): GCF_000146265.3_ASM14626v4
  BLACKLISTED (FTP not found): GCF_042845805.1_ASM4284580v1
  BLACKLISTED (FTP not found): GCF_033193315.1_ASM3319331v1
  BLACKLISTED (FTP not found): GCF_001188835.1_ASM118883v1
  BLACKLISTED (FTP not found): GCF_005943945.1_ASM594394v1
  BLACKLISTED (FTP not found): GCF_016613535.2_ASM1661353v2
  BLACKLISTED (FTP not found): GCF_047943045.1_Agrilactobacillus fermenti POM1
  BLACKLISTED (FTP not found): GCF_000092025.1_ASM9202v1
  BLACKLISTED (FTP not found): GCF_014489475.1_ASM1448947v1
  BLACKLISTED (FTP not found): GCF_904528075.1_ASM90452807v1
  BLACKLISTED (FTP not found): GCF_000192635.1_ASM19263v1
  BLACKLISTED (FTP not found): GCF_001692265.2_ASM169226v2
  BLACKLISTED (FTP not found): GCF_000971565.1_ASM97156v1
  BLACKLISTED (FTP not found): GCF_000499645.1_IRBG74
  BLACKLISTED (FTP not found): GCF_005484985.1_ASM548498v1
  BLACKLISTED (FTP not found): GCF_022983135.1_ASM2298313v1
  BLACKLISTED (FTP not found): GCF_039880525.1_ProA11
  BLACKLISTED (FTP not found): GCF_018308945.1_ASM1830894v1
  BLACKLISTED (FTP not found): GCF_044789835.1_ASM4478983v1
  BLACKLISTED (FTP not found): GCF_001660485.1_ASM166048v1
  BLACKLISTED (FTP not found): GCF_004006235.1_ASM400623v1
  BLACKLISTED (FTP not found): GCF_003070885.1_ASM307088v1
  BLACKLISTED (FTP not found): GCF_003015185.1_ASM301518v1
  BLACKLISTED (FTP not found): GCF_006337065.1_ASM633706v1
  BLACKLISTED (FTP not found): GCF_004135405.1_ASM413540v1
  BLACKLISTED (FTP not found): GCF_042140245.1_ASM4214024v1
  BLACKLISTED (FTP not found): GCF_000020225.1_ASM2022v1
  BLACKLISTED (FTP not found): GCF_001688765.2_ASM168876v2
  BLACKLISTED (FTP not found): GCF_003716915.1_ASM371691v1
  BLACKLISTED (FTP not found): GCF_003716935.1_ASM371693v1
  BLACKLISTED (FTP not found): GCF_003716955.1_ASM371695v1
  BLACKLISTED (FTP not found): GCF_000967305.2_ASM96730v2
  BLACKLISTED (FTP not found): GCF_002242175.1_ASM224217v1
  BLACKLISTED (FTP not found): GCF_003671915.1_ASM367191v1
  BLACKLISTED (FTP not found): GCF_000009365.1_ASM936v1
  BLACKLISTED (FTP not found): GCF_047495465.1_ASM4749546v1
  BLACKLISTED (FTP not found): GCF_001010505.1_ASM101050v1
  BLACKLISTED (FTP not found): GCF_047495505.1_ASM4749550v1
  BLACKLISTED (FTP not found): GCF_047495475.1_ASM4749547v1
  BLACKLISTED (FTP not found): GCF_009796805.1_ASM979680v1
  BLACKLISTED (FTP not found): GCF_009796825.1_ASM979682v1
  BLACKLISTED (FTP not found): GCF_046736305.1_ASM4673630v1
  BLACKLISTED (FTP not found): GCF_009931615.1_ASM993161v1
  BLACKLISTED (FTP not found): GCF_042140275.1_ASM4214027v1
  BLACKLISTED (FTP not found): GCF_030344935.1_ASM3034493v1
  BLACKLISTED (FTP not found): GCF_965226985.1_pyBrePsyg23.Algihabitans_sp_1.1
  BLACKLISTED (FTP not found): GCF_041429795.1_Apo_LMG26424
  BLACKLISTED (FTP not found): GCF_965216485.1_pyNocScin1.Algiphilus_sp_1.1
  21 accessible, 142 blacklisted
Downloading 21 genomes...
  BLACKLISTED (download failed): GCF_004011075.1_ASM401107v1: FTP directory not found (404 or timeout): https://ftp.ncbi.nlm.nih.gov/genomes/all/GCF/004/011/075/GCF_004011075.1_ASM401107v1
  BLACKLISTED (download failed): GCF_003711105.1_ASM371110v1: FTP directory not found (404 or timeout): https://ftp.ncbi.nlm.nih.gov/genomes/all/GCF/003/711/105/GCF_003711105.1_ASM371110v1
  BLACKLISTED (download failed): GCF_001509405.1_ASM150940v1: FTP directory not found (404 or timeout): https://ftp.ncbi.nlm.nih.gov/genomes/all/GCF/001/509/405/GCF_001509405.1_ASM150940v1
  BLACKLISTED (download failed): GCF_045160895.1_ASM4516089v1: FTP directory not found (404 or timeout): https://ftp.ncbi.nlm.nih.gov/genomes/all/GCF/045/160/895/GCF_045160895.1_ASM4516089v1
  BLACKLISTED (download failed): GCF_019670125.1_ASM1967012v1: FTP directory not found (404 or timeout): https://ftp.ncbi.nlm.nih.gov/genomes/all/GCF/019/670/125/GCF_019670125.1_ASM1967012v1
  BLACKLISTED (download failed): GCF_000196395.1_ASM19639v1: FTP directory not found (404 or timeout): https://ftp.ncbi.nlm.nih.gov/genomes/all/GCF/000/196/395/GCF_000196395.1_ASM19639v1
  BLACKLISTED (download failed): GCF_011046895.1_ASM1104689v1: FTP directory not found (404 or timeout): https://ftp.ncbi.nlm.nih.gov/genomes/all/GCF/011/046/895/GCF_011046895.1_ASM1104689v1
  BLACKLISTED (download failed): GCF_000204115.1_ASM20411v1: FTP directory not found (404 or timeout): https://ftp.ncbi.nlm.nih.gov/genomes/all/GCF/000/204/115/GCF_000204115.1_ASM20411v1
  BLACKLISTED (download failed): GCF_032926325.1_ASM3292632v1: FTP directory not found (404 or timeout): https://ftp.ncbi.nlm.nih.gov/genomes/all/GCF/032/926/325/GCF_032926325.1_ASM3292632v1
  BLACKLISTED (download failed): GCF_047553465.1_ASM4755346v1: FTP directory not found (404 or timeout): https://ftp.ncbi.nlm.nih.gov/genomes/all/GCF/047/553/465/GCF_047553465.1_ASM4755346v1
  BLACKLISTED (download failed): GCF_000021365.1_ASM2136v1: FTP directory not found (404 or timeout): https://ftp.ncbi.nlm.nih.gov/genomes/all/GCF/000/021/365/GCF_000021365.1_ASM2136v1
  BLACKLISTED (download failed): GCF_001641975.2_ASM164197v2: FTP directory not found (404 or timeout): https://ftp.ncbi.nlm.nih.gov/genomes/all/GCF/001/641/975/GCF_001641975.2_ASM164197v2
  BLACKLISTED (download failed): GCF_965249985.1_pySymDtwo4.Algiphilus_sp_1.1: FTP directory not found (404 or timeout): https://ftp.ncbi.nlm.nih.gov/genomes/all/GCF/965/249/985/GCF_965249985.1_pySymDtwo4.Algiphilus_sp_1.1
  BLACKLISTED (download failed): GCF_002443155.1_ASM244315v1: FTP directory not found (404 or timeout): https://ftp.ncbi.nlm.nih.gov/genomes/all/GCF/002/443/155/GCF_002443155.1_ASM244315v1
  BLACKLISTED (download failed): GCF_044772865.1_ACLA_KMM_6494T_1: FTP directory not found (404 or timeout): https://ftp.ncbi.nlm.nih.gov/genomes/all/GCF/044/772/865/GCF_044772865.1_ACLA_KMM_6494T_1
  BLACKLISTED (download failed): GCF_019443765.1_ASM1944376v1: FTP directory not found (404 or timeout): https://ftp.ncbi.nlm.nih.gov/genomes/all/GCF/019/443/765/GCF_019443765.1_ASM1944376v1
  BLACKLISTED (download failed): GCF_014838715.1_ASM1483871v1: FTP directory not found (404 or timeout): https://ftp.ncbi.nlm.nih.gov/genomes/all/GCF/014/838/715/GCF_014838715.1_ASM1483871v1
  BLACKLISTED (download failed): GCF_965227175.1_pySymTrid1.Algiphilus_sp_1.1: FTP directory not found (404 or timeout): https://ftp.ncbi.nlm.nih.gov/genomes/all/GCF/965/227/175/GCF_965227175.1_pySymTrid1.Algiphilus_sp_1.1
  BLACKLISTED (download failed): GCF_001593605.1_ASM159360v1: FTP directory not found (404 or timeout): https://ftp.ncbi.nlm.nih.gov/genomes/all/GCF/001/593/605/GCF_001593605.1_ASM159360v1
  BLACKLISTED (download failed): GCF_044594645.1_ASM4459464v1: FTP directory not found (404 or timeout): https://ftp.ncbi.nlm.nih.gov/genomes/all/GCF/044/594/645/GCF_044594645.1_ASM4459464v1
Downloading GCF_054031195.1_ASM5403119v1 GCF_054031195.1_ASM5403119v1_genomic.fna.gz
Downloading GCF_054031195.1_ASM5403119v1 GCF_054031195.1_ASM5403119v1_protein.faa.gz
Downloading GCF_054031195.1_ASM5403119v1 GCF_054031195.1_ASM5403119v1_genomic.gff.gz
  Downloaded: GCF_054031195.1_ASM5403119v1
