Manifest: 164 new genomes to process
Validating FTP paths...
  SKIPPED (FTP not found): GCF_000312705.1_ASM31270v1
  SKIPPED (FTP not found): GCF_004214875.1_ASM421487v1
  SKIPPED (FTP not found): GCF_001989575.1_ASM198957v1
  SKIPPED (FTP not found): GCF_014622665.1_ASM1462266v1
  SKIPPED (FTP not found): GCF_000196515.1_ASM19651v1
  SKIPPED (FTP not found): GCF_000763245.3_ASM76324v3
  SKIPPED (FTP not found): GCF_022807975.1_ASM2280797v1
  SKIPPED (FTP not found): GCF_013267415.1_ASM1326741v1
  SKIPPED (FTP not found): GCF_051148715.1_ANDSL2
  SKIPPED (FTP not found): GCF_001692755.1_ASM169275v1
  SKIPPED (FTP not found): GCF_000010825.1_ASM1082v1
  SKIPPED (FTP not found): GCF_000010865.1_ASM1086v1
  SKIPPED (FTP not found): GCF_000010845.1_ASM1084v1
  SKIPPED (FTP not found): GCF_030166555.2_ASM3016655v2
  SKIPPED (FTP not found): GCF_001855335.1_ASM185533v1
  SKIPPED (FTP not found): GCF_001975205.1_ASM197520v1
  SKIPPED (FTP not found): GCF_000221025.1_ASM22102v1
  SKIPPED (FTP not found): GCF_000022565.1_ASM2256v1
  SKIPPED (FTP not found): GCF_000069245.1_ASM6924v1
  SKIPPED (FTP not found): GCF_000186665.3_ASM18666v4
  SKIPPED (FTP not found): GCF_001305615.1_ASM130561v1
  SKIPPED (FTP not found): GCF_034347385.1_ASM3434738v1
  SKIPPED (FTP not found): GCF_016756395.1_ASM1675639v1
  SKIPPED (FTP not found): GCF_031844685.1_ASM3184468v1
  SKIPPED (FTP not found): GCF_050942425.1_MDNA_WGS_316_assembly
  SKIPPED (FTP not found): GCF_001747425.1_ASM174742v1
  SKIPPED (FTP not found): GCF_002895405.1_ASM289540v1
  SKIPPED (FTP not found): GCF_000478885.1_ASM47888v1
  SKIPPED (FTP not found): GCF_038087665.1_ASM3808766v1
  SKIPPED (FTP not found): GCF_002243625.1_ASM224362v1
  SKIPPED (FTP not found): GCF_029814825.1_ASM2981482v1
  133 accessible, 31 not found on FTP server
Downloading 133 genomes...
  FAILED: GCF_016592595.1_ASM1659259v1: FTP directory not found (404 or timeout): https://ftp.ncbi.nlm.nih.gov/genomes/all/GCF/016/592/595/GCF_016592595.1_ASM1659259v1
  FAILED: GCF_050916135.1_ASM5091613v1: FTP directory not found (404 or timeout): https://ftp.ncbi.nlm.nih.gov/genomes/all/GCF/050/916/135/GCF_050916135.1_ASM5091613v1
  FAILED: GCF_021497025.1_ASM2149702v1: FTP directory not found (404 or timeout): https://ftp.ncbi.nlm.nih.gov/genomes/all/GCF/021/497/025/GCF_021497025.1_ASM2149702v1
  FAILED: GCF_018336915.1_ASM1833691v1: FTP directory not found (404 or timeout): https://ftp.ncbi.nlm.nih.gov/genomes/all/GCF/018/336/915/GCF_018336915.1_ASM1833691v1
  FAILED: GCF_017357865.1_ASM1735786v1: FTP directory not found (404 or timeout): https://ftp.ncbi.nlm.nih.gov/genomes/all/GCF/017/357/865/GCF_017357865.1_ASM1735786v1
  FAILED: GCF_020447305.1_ASM2044730v2: FTP directory not found (404 or timeout): https://ftp.ncbi.nlm.nih.gov/genomes/all/GCF/020/447/305/GCF_020447305.1_ASM2044730v2
  FAILED: GCF_965112945.1_acanthopleuribacter_pedis: FTP directory not found (404 or timeout): https://ftp.ncbi.nlm.nih.gov/genomes/all/GCF/965/112/945/GCF_965112945.1_acanthopleuribacter_pedis
  FAILED: GCF_000018105.1_ASM1810v1: FTP directory not found (404 or timeout): https://ftp.ncbi.nlm.nih.gov/genomes/all/GCF/000/018/105/GCF_000018105.1_ASM1810v1
  FAILED: GCF_004359375.1_ASM435937v1: FTP directory not found (404 or timeout): https://ftp.ncbi.nlm.nih.gov/genomes/all/GCF/004/359/375/GCF_004359375.1_ASM435937v1
  FAILED: GCF_024347835.1_ASM2434783v1: FTP directory not found (404 or timeout): https://ftp.ncbi.nlm.nih.gov/genomes/all/GCF/024/347/835/GCF_024347835.1_ASM2434783v1
  FAILED: GCF_049815675.1_ASM4981567v1: FTP directory not found (404 or timeout): https://ftp.ncbi.nlm.nih.gov/genomes/all/GCF/049/815/675/GCF_049815675.1_ASM4981567v1
  FAILED: GCF_055764315.1_ASM5576431v1: FTP directory not found (404 or timeout): https://ftp.ncbi.nlm.nih.gov/genomes/all/GCF/055/764/315/GCF_055764315.1_ASM5576431v1
  FAILED: GCF_047456265.2_117879: FTP directory not found (404 or timeout): https://ftp.ncbi.nlm.nih.gov/genomes/all/GCF/047/456/265/GCF_047456265.2_117879
  FAILED: GCF_000018785.1_ASM1878v1: FTP directory not found (404 or timeout): https://ftp.ncbi.nlm.nih.gov/genomes/all/GCF/000/018/785/GCF_000018785.1_ASM1878v1
  FAILED: GCF_000247605.1_ASM24760v1: FTP directory not found (404 or timeout): https://ftp.ncbi.nlm.nih.gov/genomes/all/GCF/000/247/605/GCF_000247605.1_ASM24760v1
  FAILED: GCF_000015865.1_ASM1586v1: FTP directory not found (404 or timeout): https://ftp.ncbi.nlm.nih.gov/genomes/all/GCF/000/015/865/GCF_000015865.1_ASM1586v1
  FAILED: GCF_047456275.1_118465: FTP directory not found (404 or timeout): https://ftp.ncbi.nlm.nih.gov/genomes/all/GCF/047/456/275/GCF_047456275.1_118465
  FAILED: GCF_023700225.1_ASM2370022v1: FTP directory not found (404 or timeout): https://ftp.ncbi.nlm.nih.gov/genomes/all/GCF/023/700/225/GCF_023700225.1_ASM2370022v1
  FAILED: GCF_000184925.1_ASM18492v1: FTP directory not found (404 or timeout): https://ftp.ncbi.nlm.nih.gov/genomes/all/GCF/000/184/925/GCF_000184925.1_ASM18492v1
  FAILED: GCF_000255615.2_ASM25561v3: FTP directory not found (404 or timeout): https://ftp.ncbi.nlm.nih.gov/genomes/all/GCF/000/255/615/GCF_000255615.2_ASM25561v3
  FAILED: GCF_000144695.1_ASM14469v1: No _genomic.fna.gz file in https://ftp.ncbi.nlm.nih.gov/genomes/all/GCF/000/144/695/GCF_000144695.1_ASM14469v1; listing: ['<!DOCTYPE HTML PUBLIC "-//W3C//DTD HTML 3.2 Final//EN">', '<html>', '<head>', '<title>Index of /genomes/all/GCF/000/144/695/GCF_000144695.1_ASM14469v1</title>', '</head>']
  FAILED: GCF_025884515.1_ASM2588451v1: FTP directory not found (404 or timeout): https://ftp.ncbi.nlm.nih.gov/genomes/all/GCF/025/884/515/GCF_025884515.1_ASM2588451v1
  FAILED: GCF_054956695.1_ASM5495669v1: FTP directory not found (404 or timeout): https://ftp.ncbi.nlm.nih.gov/genomes/all/GCF/054/956/695/GCF_054956695.1_ASM5495669v1
  FAILED: GCF_000783435.2_ASM78343v2: FTP directory not found (404 or timeout): https://ftp.ncbi.nlm.nih.gov/genomes/all/GCF/000/783/435/GCF_000783435.2_ASM78343v2
  FAILED: GCF_000967915.1_ASM96791v1: FTP directory not found (404 or timeout): https://ftp.ncbi.nlm.nih.gov/genomes/all/GCF/000/967/915/GCF_000967915.1_ASM96791v1
  FAILED: GCF_000025305.1_ASM2530v1: FTP directory not found (404 or timeout): https://ftp.ncbi.nlm.nih.gov/genomes/all/GCF/000/025/305/GCF_000025305.1_ASM2530v1
  FAILED: GCF_001558755.2_ASM155875v2: FTP directory not found (404 or timeout): https://ftp.ncbi.nlm.nih.gov/genomes/all/GCF/001/558/755/GCF_001558755.2_ASM155875v2
  FAILED: GCF_000165835.1_ASM16583v1: FTP directory not found (404 or timeout): https://ftp.ncbi.nlm.nih.gov/genomes/all/GCF/000/165/835/GCF_000165835.1_ASM16583v1
  FAILED: GCF_000010905.1_ASM1090v1: FTP directory not found (404 or timeout): https://ftp.ncbi.nlm.nih.gov/genomes/all/GCF/000/010/905/GCF_000010905.1_ASM1090v1
  FAILED: GCF_000230275.1_ASM23027v1: No _genomic.fna.gz file in https://ftp.ncbi.nlm.nih.gov/genomes/all/GCF/000/230/275/GCF_000230275.1_ASM23027v1; listing: ['<!DOCTYPE HTML PUBLIC "-//W3C//DTD HTML 3.2 Final//EN">', '<html>', '<head>', '<title>Index of /genomes/all/GCF/000/230/275/GCF_000230275.1_ASM23027v1</title>', '</head>']
  FAILED: GCF_042852945.1_ASM4285294v1: No _genomic.fna.gz file in https://ftp.ncbi.nlm.nih.gov/genomes/all/GCF/042/852/945/GCF_042852945.1_ASM4285294v1; listing: ['<!DOCTYPE HTML PUBLIC "-//W3C//DTD HTML 3.2 Final//EN">', '<html>', '<head>', '<title>Index of /genomes/all/GCF/042/852/945/GCF_042852945.1_ASM4285294v1</title>', '</head>']
  FAILED: GCF_001457475.1_NCTC10807: FTP directory not found (404 or timeout): https://ftp.ncbi.nlm.nih.gov/genomes/all/GCF/001/457/475/GCF_001457475.1_NCTC10807
  FAILED: GCF_902729405.1_GenomeAssemblyPeptococcaceaeBacteriumINE: FTP directory not found (404 or timeout): https://ftp.ncbi.nlm.nih.gov/genomes/all/GCF/902/729/405/GCF_902729405.1_GenomeAssemblyPeptococcaceaeBacteriumINE
  FAILED: GCF_025144545.1_ASM2514454v1: FTP directory not found (404 or timeout): https://ftp.ncbi.nlm.nih.gov/genomes/all/GCF/025/144/545/GCF_025144545.1_ASM2514454v1
  FAILED: GCF_020735645.1_ASM2073564v1: FTP directory not found (404 or timeout): https://ftp.ncbi.nlm.nih.gov/genomes/all/GCF/020/735/645/GCF_020735645.1_ASM2073564v1
  FAILED: GCF_001753165.1_ASM175316v1: No _genomic.fna.gz file in https://ftp.ncbi.nlm.nih.gov/genomes/all/GCF/001/753/165/GCF_001753165.1_ASM175316v1; listing: ['<!DOCTYPE HTML PUBLIC "-//W3C//DTD HTML 3.2 Final//EN">', '<html>', '<head>', '<title>Index of /genomes/all/GCF/001/753/165/GCF_001753165.1_ASM175316v1</title>', '</head>']
  FAILED: GCF_003184265.1_ASM318426v1: No _genomic.fna.gz file in https://ftp.ncbi.nlm.nih.gov/genomes/all/GCF/003/184/265/GCF_003184265.1_ASM318426v1; listing: ['<!DOCTYPE HTML PUBLIC "-//W3C//DTD HTML 3.2 Final//EN">', '<html>', '<head>', '<title>Index of /genomes/all/GCF/003/184/265/GCF_003184265.1_ASM318426v1</title>', '</head>']
  FAILED: GCF_004103715.1_ASM410371v1: No _genomic.fna.gz file in https://ftp.ncbi.nlm.nih.gov/genomes/all/GCF/004/103/715/GCF_004103715.1_ASM410371v1; listing: ['<!DOCTYPE HTML PUBLIC "-//W3C//DTD HTML 3.2 Final//EN">', '<html>', '<head>', '<title>Index of /genomes/all/GCF/004/103/715/GCF_004103715.1_ASM410371v1</title>', '</head>']
  FAILED: GCF_001753245.1_ASM175324v1: No _genomic.fna.gz file in https://ftp.ncbi.nlm.nih.gov/genomes/all/GCF/001/753/245/GCF_001753245.1_ASM175324v1; listing: ['<!DOCTYPE HTML PUBLIC "-//W3C//DTD HTML 3.2 Final//EN">', '<html>', '<head>', '<title>Index of /genomes/all/GCF/001/753/245/GCF_001753245.1_ASM175324v1</title>', '</head>']
  FAILED: GCF_001975725.1_ASM197572v1: No _genomic.fna.gz file in https://ftp.ncbi.nlm.nih.gov/genomes/all/GCF/001/975/725/GCF_001975725.1_ASM197572v1; listing: ['<!DOCTYPE HTML PUBLIC "-//W3C//DTD HTML 3.2 Final//EN">', '<html>', '<head>', '<title>Index of /genomes/all/GCF/001/975/725/GCF_001975725.1_ASM197572v1</title>', '</head>']
  FAILED: GCF_000023265.1_ASM2326v1: No _genomic.fna.gz file in https://ftp.ncbi.nlm.nih.gov/genomes/all/GCF/000/023/265/GCF_000023265.1_ASM2326v1; listing: ['<!DOCTYPE HTML PUBLIC "-//W3C//DTD HTML 3.2 Final//EN">', '<html>', '<head>', '<title>Index of /genomes/all/GCF/000/023/265/GCF_000023265.1_ASM2326v1</title>', '</head>']
  FAILED: GCF_022558965.1_ASM2255896v1: FTP directory not found (404 or timeout): https://ftp.ncbi.nlm.nih.gov/genomes/all/GCF/022/558/965/GCF_022558965.1_ASM2255896v1
  FAILED: GCF_000202835.1_ASM20283v1: No _genomic.fna.gz file in https://ftp.ncbi.nlm.nih.gov/genomes/all/GCF/000/202/835/GCF_000202835.1_ASM20283v1; listing: ['<!DOCTYPE HTML PUBLIC "-//W3C//DTD HTML 3.2 Final//EN">', '<html>', '<head>', '<title>Index of /genomes/all/GCF/000/202/835/GCF_000202835.1_ASM20283v1</title>', '</head>']
  FAILED: GCF_001441165.1_ASM144116v1: FTP directory not found (404 or timeout): https://ftp.ncbi.nlm.nih.gov/genomes/all/GCF/001/441/165/GCF_001441165.1_ASM144116v1
  FAILED: GCF_000310065.1_ASM31006v1: FTP directory not found (404 or timeout): https://ftp.ncbi.nlm.nih.gov/genomes/all/GCF/000/310/065/GCF_000310065.1_ASM31006v1
  FAILED: GCF_000016725.1_ASM1672v1: FTP directory not found (404 or timeout): https://ftp.ncbi.nlm.nih.gov/genomes/all/GCF/000/016/725/GCF_000016725.1_ASM1672v1
  FAILED: GCF_000020825.1_ASM2082v1: FTP directory not found (404 or timeout): https://ftp.ncbi.nlm.nih.gov/genomes/all/GCF/000/020/825/GCF_000020825.1_ASM2082v1
  FAILED: GCF_003330725.1_ASM333072v1: FTP directory not found (404 or timeout): https://ftp.ncbi.nlm.nih.gov/genomes/all/GCF/003/330/725/GCF_003330725.1_ASM333072v1
  FAILED: GCF_000021485.1_ASM2148v1: No _genomic.fna.gz file in https://ftp.ncbi.nlm.nih.gov/genomes/all/GCF/000/021/485/GCF_000021485.1_ASM2148v1; listing: ['<!DOCTYPE HTML PUBLIC "-//W3C//DTD HTML 3.2 Final//EN">', '<html>', '<head>', '<title>Index of /genomes/all/GCF/000/021/485/GCF_000021485.1_ASM2148v1</title>', '</head>']
  FAILED: GCF_030252425.1_ASM3025242v1: No _genomic.fna.gz file in https://ftp.ncbi.nlm.nih.gov/genomes/all/GCF/030/252/425/GCF_030252425.1_ASM3025242v1; listing: ['<!DOCTYPE HTML PUBLIC "-//W3C//DTD HTML 3.2 Final//EN">', '<html>', '<head>', '<title>Index of /genomes/all/GCF/030/252/425/GCF_030252425.1_ASM3025242v1</title>', '</head>']
  FAILED: GCF_055383125.1_ASM5538312v1: No _genomic.fna.gz file in https://ftp.ncbi.nlm.nih.gov/genomes/all/GCF/055/383/125/GCF_055383125.1_ASM5538312v1; listing: ['<!DOCTYPE HTML PUBLIC "-//W3C//DTD HTML 3.2 Final//EN">', '<html>', '<head>', '<title>Index of /genomes/all/GCF/055/383/125/GCF_055383125.1_ASM5538312v1</title>', '</head>']
  FAILED: GCF_000214095.2_ASM21409v3: No _genomic.fna.gz file in https://ftp.ncbi.nlm.nih.gov/genomes/all/GCF/000/214/095/GCF_000214095.2_ASM21409v3; listing: ['<!DOCTYPE HTML PUBLIC "-//W3C//DTD HTML 3.2 Final//EN">', '<html>', '<head>', '<title>Index of /genomes/all/GCF/000/214/095/GCF_000214095.2_ASM21409v3</title>', '</head>']
  FAILED: GCF_001559195.1_ASM155919v2: FTP directory not found (404 or timeout): https://ftp.ncbi.nlm.nih.gov/genomes/all/GCF/001/559/195/GCF_001559195.1_ASM155919v2
  FAILED: GCF_000018445.1_ASM1844v1: FTP directory not found (404 or timeout): https://ftp.ncbi.nlm.nih.gov/genomes/all/GCF/000/018/445/GCF_000018445.1_ASM1844v1
  FAILED: GCF_030762805.1_ASM3076280v1: FTP directory not found (404 or timeout): https://ftp.ncbi.nlm.nih.gov/genomes/all/GCF/030/762/805/GCF_030762805.1_ASM3076280v1
  FAILED: GCF_000021245.2_ASM2124v2: FTP directory not found (404 or timeout): https://ftp.ncbi.nlm.nih.gov/genomes/all/GCF/000/021/245/GCF_000021245.2_ASM2124v2
  FAILED: GCF_035918135.1_ASM3591813v1: No _genomic.fna.gz file in https://ftp.ncbi.nlm.nih.gov/genomes/all/GCF/035/918/135/GCF_035918135.1_ASM3591813v1; listing: ['<!DOCTYPE HTML PUBLIC "-//W3C//DTD HTML 3.2 Final//EN">', '<html>', '<head>', '<title>Index of /genomes/all/GCF/035/918/135/GCF_035918135.1_ASM3591813v1</title>', '</head>']
  FAILED: GCF_000046845.1_ASM4684v1: No _genomic.fna.gz file in https://ftp.ncbi.nlm.nih.gov/genomes/all/GCF/000/046/845/GCF_000046845.1_ASM4684v1; listing: ['<!DOCTYPE HTML PUBLIC "-//W3C//DTD HTML 3.2 Final//EN">', '<html>', '<head>', '<title>Index of /genomes/all/GCF/000/046/845/GCF_000046845.1_ASM4684v1</title>', '</head>']
  FAILED: GCF_024927965.1_ASM2492796v1: No _genomic.fna.gz file in https://ftp.ncbi.nlm.nih.gov/genomes/all/GCF/024/927/965/GCF_024927965.1_ASM2492796v1; listing: ['<!DOCTYPE HTML PUBLIC "-//W3C//DTD HTML 3.2 Final//EN">', '<html>', '<head>', '<title>Index of /genomes/all/GCF/024/927/965/GCF_024927965.1_ASM2492796v1</title>', '</head>']
  FAILED: GCF_036250345.1_ASM3625034v1: No _genomic.fna.gz file in https://ftp.ncbi.nlm.nih.gov/genomes/all/GCF/036/250/345/GCF_036250345.1_ASM3625034v1; listing: ['<!DOCTYPE HTML PUBLIC "-//W3C//DTD HTML 3.2 Final//EN">', '<html>', '<head>', '<title>Index of /genomes/all/GCF/036/250/345/GCF_036250345.1_ASM3625034v1</title>', '</head>']
  FAILED: GCF_036227085.1_ASM3622708v1: No _genomic.fna.gz file in https://ftp.ncbi.nlm.nih.gov/genomes/all/GCF/036/227/085/GCF_036227085.1_ASM3622708v1; listing: ['<!DOCTYPE HTML PUBLIC "-//W3C//DTD HTML 3.2 Final//EN">', '<html>', '<head>', '<title>Index of /genomes/all/GCF/036/227/085/GCF_036227085.1_ASM3622708v1</title>', '</head>']
  FAILED: GCF_001941645.1_ASM194164v1: FTP directory not found (404 or timeout): https://ftp.ncbi.nlm.nih.gov/genomes/all/GCF/001/941/645/GCF_001941645.1_ASM194164v1
  FAILED: GCF_002234535.1_ASM223453v1: FTP directory not found (404 or timeout): https://ftp.ncbi.nlm.nih.gov/genomes/all/GCF/002/234/535/GCF_002234535.1_ASM223453v1
  FAILED: GCF_000015885.1_ASM1588v1: FTP directory not found (404 or timeout): https://ftp.ncbi.nlm.nih.gov/genomes/all/GCF/000/015/885/GCF_000015885.1_ASM1588v1
  FAILED: GCF_000016685.1_ASM1668v1: FTP directory not found (404 or timeout): https://ftp.ncbi.nlm.nih.gov/genomes/all/GCF/000/016/685/GCF_000016685.1_ASM1668v1
  FAILED: GCF_001941625.1_ASM194162v1: FTP directory not found (404 or timeout): https://ftp.ncbi.nlm.nih.gov/genomes/all/GCF/001/941/625/GCF_001941625.1_ASM194162v1
  FAILED: GCF_016865425.1_ASM1686542v1: FTP directory not found (404 or timeout): https://ftp.ncbi.nlm.nih.gov/genomes/all/GCF/016/865/425/GCF_016865425.1_ASM1686542v1
  FAILED: GCF_000178495.2_ASM17849v2: No _genomic.fna.gz file in https://ftp.ncbi.nlm.nih.gov/genomes/all/GCF/000/178/495/GCF_000178495.2_ASM17849v2; listing: ['<!DOCTYPE HTML PUBLIC "-//W3C//DTD HTML 3.2 Final//EN">', '<html>', '<head>', '<title>Index of /genomes/all/GCF/000/178/495/GCF_000178495.2_ASM17849v2</title>', '</head>']
  FAILED: GCF_000017245.1_ASM1724v1: No _genomic.fna.gz file in https://ftp.ncbi.nlm.nih.gov/genomes/all/GCF/000/017/245/GCF_000017245.1_ASM1724v1; listing: ['<!DOCTYPE HTML PUBLIC "-//W3C//DTD HTML 3.2 Final//EN">', '<html>', '<head>', '<title>Index of /genomes/all/GCF/000/017/245/GCF_000017245.1_ASM1724v1</title>', '</head>']
  FAILED: GCF_000020405.1_ASM2040v1: No _genomic.fna.gz file in https://ftp.ncbi.nlm.nih.gov/genomes/all/GCF/000/020/405/GCF_000020405.1_ASM2040v1; listing: ['<!DOCTYPE HTML PUBLIC "-//W3C//DTD HTML 3.2 Final//EN">', '<html>', '<head>', '<title>Index of /genomes/all/GCF/000/020/405/GCF_000020405.1_ASM2040v1</title>', '</head>']
  FAILED: GCF_018324685.1_ASM1832468v1: No _genomic.fna.gz file in https://ftp.ncbi.nlm.nih.gov/genomes/all/GCF/018/324/685/GCF_018324685.1_ASM1832468v1; listing: ['<!DOCTYPE HTML PUBLIC "-//W3C//DTD HTML 3.2 Final//EN">', '<html>', '<head>', '<title>Index of /genomes/all/GCF/018/324/685/GCF_018324685.1_ASM1832468v1</title>', '</head>']
  FAILED: GCF_051364635.1_ASM5136463v1: FTP directory not found (404 or timeout): https://ftp.ncbi.nlm.nih.gov/genomes/all/GCF/051/364/635/GCF_051364635.1_ASM5136463v1
  FAILED: GCF_003073475.1_ASM307347v1: No _genomic.fna.gz file in https://ftp.ncbi.nlm.nih.gov/genomes/all/GCF/003/073/475/GCF_003073475.1_ASM307347v1; listing: ['<!DOCTYPE HTML PUBLIC "-//W3C//DTD HTML 3.2 Final//EN">', '<html>', '<head>', '<title>Index of /genomes/all/GCF/003/073/475/GCF_003073475.1_ASM307347v1</title>', '</head>']
  FAILED: GCF_041897805.1_ASM4189780v1: No _genomic.fna.gz file in https://ftp.ncbi.nlm.nih.gov/genomes/all/GCF/041/897/805/GCF_041897805.1_ASM4189780v1; listing: ['<!DOCTYPE HTML PUBLIC "-//W3C//DTD HTML 3.2 Final//EN">', '<html>', '<head>', '<title>Index of /genomes/all/GCF/041/897/805/GCF_041897805.1_ASM4189780v1</title>', '</head>']
  FAILED: GCF_049672885.1_ASM4967288v1: No _genomic.fna.gz file in https://ftp.ncbi.nlm.nih.gov/genomes/all/GCF/049/672/885/GCF_049672885.1_ASM4967288v1; listing: ['<!DOCTYPE HTML PUBLIC "-//W3C//DTD HTML 3.2 Final//EN">', '<html>', '<head>', '<title>Index of /genomes/all/GCF/049/672/885/GCF_049672885.1_ASM4967288v1</title>', '</head>']
  FAILED: GCF_008824145.1_ASM882414v1: FTP directory not found (404 or timeout): https://ftp.ncbi.nlm.nih.gov/genomes/all/GCF/008/824/145/GCF_008824145.1_ASM882414v1
  FAILED: GCF_024760565.1_ASM2476056v1: FTP directory not found (404 or timeout): https://ftp.ncbi.nlm.nih.gov/genomes/all/GCF/024/760/565/GCF_024760565.1_ASM2476056v1
  FAILED: GCF_023614255.1_ASM2361425v1: No _genomic.fna.gz file in https://ftp.ncbi.nlm.nih.gov/genomes/all/GCF/023/614/255/GCF_023614255.1_ASM2361425v1; listing: ['<!DOCTYPE HTML PUBLIC "-//W3C//DTD HTML 3.2 Final//EN">', '<html>', '<head>', '<title>Index of /genomes/all/GCF/023/614/255/GCF_023614255.1_ASM2361425v1</title>', '</head>']
  FAILED: GCF_019175365.1_ASM1917536v1: No _genomic.fna.gz file in https://ftp.ncbi.nlm.nih.gov/genomes/all/GCF/019/175/365/GCF_019175365.1_ASM1917536v1; listing: ['<!DOCTYPE HTML PUBLIC "-//W3C//DTD HTML 3.2 Final//EN">', '<html>', '<head>', '<title>Index of /genomes/all/GCF/019/175/365/GCF_019175365.1_ASM1917536v1</title>', '</head>']
  FAILED: GCF_013364275.1_ASM1336427v1: No _genomic.fna.gz file in https://ftp.ncbi.nlm.nih.gov/genomes/all/GCF/013/364/275/GCF_013364275.1_ASM1336427v1; listing: ['<!DOCTYPE HTML PUBLIC "-//W3C//DTD HTML 3.2 Final//EN">', '<html>', '<head>', '<title>Index of /genomes/all/GCF/013/364/275/GCF_013364275.1_ASM1336427v1</title>', '</head>']
  FAILED: GCF_009650215.1_ASM965021v1: No _genomic.fna.gz file in https://ftp.ncbi.nlm.nih.gov/genomes/all/GCF/009/650/215/GCF_009650215.1_ASM965021v1; listing: ['<!DOCTYPE HTML PUBLIC "-//W3C//DTD HTML 3.2 Final//EN">', '<html>', '<head>', '<title>Index of /genomes/all/GCF/009/650/215/GCF_009650215.1_ASM965021v1</title>', '</head>']
  FAILED: GCF_001553935.1_ASM155393v1: No _genomic.fna.gz file in https://ftp.ncbi.nlm.nih.gov/genomes/all/GCF/001/553/935/GCF_001553935.1_ASM155393v1; listing: ['<!DOCTYPE HTML PUBLIC "-//W3C//DTD HTML 3.2 Final//EN">', '<html>', '<head>', '<title>Index of /genomes/all/GCF/001/553/935/GCF_001553935.1_ASM155393v1</title>', '</head>']
  FAILED: GCF_001553565.1_ASM155356v1: FTP directory not found (404 or timeout): https://ftp.ncbi.nlm.nih.gov/genomes/all/GCF/001/553/565/GCF_001553565.1_ASM155356v1
  FAILED: GCF_023614275.1_ASM2361427v1: FTP directory not found (404 or timeout): https://ftp.ncbi.nlm.nih.gov/genomes/all/GCF/023/614/275/GCF_023614275.1_ASM2361427v1
  FAILED: GCF_002356195.1_ASM235619v1: No _genomic.fna.gz file in https://ftp.ncbi.nlm.nih.gov/genomes/all/GCF/002/356/195/GCF_002356195.1_ASM235619v1; listing: ['<!DOCTYPE HTML PUBLIC "-//W3C//DTD HTML 3.2 Final//EN">', '<html>', '<head>', '<title>Index of /genomes/all/GCF/002/356/195/GCF_002356195.1_ASM235619v1</title>', '</head>']
  FAILED: GCF_001278845.1_ASM127884v1: No _genomic.fna.gz file in https://ftp.ncbi.nlm.nih.gov/genomes/all/GCF/001/278/845/GCF_001278845.1_ASM127884v1; listing: ['<!DOCTYPE HTML PUBLIC "-//W3C//DTD HTML 3.2 Final//EN">', '<html>', '<head>', '<title>Index of /genomes/all/GCF/001/278/845/GCF_001278845.1_ASM127884v1</title>', '</head>']
  FAILED: GCF_002076915.1_ASM207691v1: No _genomic.fna.gz file in https://ftp.ncbi.nlm.nih.gov/genomes/all/GCF/002/076/915/GCF_002076915.1_ASM207691v1; listing: ['<!DOCTYPE HTML PUBLIC "-//W3C//DTD HTML 3.2 Final//EN">', '<html>', '<head>', '<title>Index of /genomes/all/GCF/002/076/915/GCF_002076915.1_ASM207691v1</title>', '</head>']
  FAILED: GCF_036044095.1_ASM3604409v1: FTP directory not found (404 or timeout): https://ftp.ncbi.nlm.nih.gov/genomes/all/GCF/036/044/095/GCF_036044095.1_ASM3604409v1
  FAILED: GCF_050955885.1_MDNA_WGS_282_assembly: No _genomic.fna.gz file in https://ftp.ncbi.nlm.nih.gov/genomes/all/GCF/050/955/885/GCF_050955885.1_MDNA_WGS_282_assembly; listing: ['<!DOCTYPE HTML PUBLIC "-//W3C//DTD HTML 3.2 Final//EN">', '<html>', '<head>', '<title>Index of /genomes/all/GCF/050/955/885/GCF_050955885.1_MDNA_WGS_282_assembly</title>', '</head>']
  FAILED: GCF_050948445.1_MDNA_WGS_213_assembly: No _genomic.fna.gz file in https://ftp.ncbi.nlm.nih.gov/genomes/all/GCF/050/948/445/GCF_050948445.1_MDNA_WGS_213_assembly; listing: ['<!DOCTYPE HTML PUBLIC "-//W3C//DTD HTML 3.2 Final//EN">', '<html>', '<head>', '<title>Index of /genomes/all/GCF/050/948/445/GCF_050948445.1_MDNA_WGS_213_assembly</title>', '</head>']
  FAILED: GCF_050955895.1_MDNA_WGS_286_assembly: No _genomic.fna.gz file in https://ftp.ncbi.nlm.nih.gov/genomes/all/GCF/050/955/895/GCF_050955895.1_MDNA_WGS_286_assembly; listing: ['<!DOCTYPE HTML PUBLIC "-//W3C//DTD HTML 3.2 Final//EN">', '<html>', '<head>', '<title>Index of /genomes/all/GCF/050/955/895/GCF_050955895.1_MDNA_WGS_286_assembly</title>', '</head>']
  FAILED: GCF_000237145.1_ASM23714v1: No _genomic.fna.gz file in https://ftp.ncbi.nlm.nih.gov/genomes/all/GCF/000/237/145/GCF_000237145.1_ASM23714v1; listing: ['<!DOCTYPE HTML PUBLIC "-//W3C//DTD HTML 3.2 Final//EN">', '<html>', '<head>', '<title>Index of /genomes/all/GCF/000/237/145/GCF_000237145.1_ASM23714v1</title>', '</head>']
  FAILED: GCF_002263515.1_ASM226351v1: No _genomic.fna.gz file in https://ftp.ncbi.nlm.nih.gov/genomes/all/GCF/002/263/515/GCF_002263515.1_ASM226351v1; listing: ['<!DOCTYPE HTML PUBLIC "-//W3C//DTD HTML 3.2 Final//EN">', '<html>', '<head>', '<title>Index of /genomes/all/GCF/002/263/515/GCF_002263515.1_ASM226351v1</title>', '</head>']
  FAILED: GCF_900104745.1_IMG-taxon 2636416006 annotated assembly: No _genomic.fna.gz file in https://ftp.ncbi.nlm.nih.gov/genomes/all/GCF/900/104/745/GCF_900104745.1_IMG-taxon_2636416006_annotated_assembly; listing: ['<!DOCTYPE HTML PUBLIC "-//W3C//DTD HTML 3.2 Final//EN">', '<html>', '<head>', '<title>Index of /genomes/all/GCF/900/104/745/GCF_900104745.1_IMG-taxon_2636416006_annotated_assembly</title>', '</head>']
  FAILED: GCF_002717025.1_ASM271702v1: No _genomic.fna.gz file in https://ftp.ncbi.nlm.nih.gov/genomes/all/GCF/002/717/025/GCF_002717025.1_ASM271702v1; listing: ['<!DOCTYPE HTML PUBLIC "-//W3C//DTD HTML 3.2 Final//EN">', '<html>', '<head>', '<title>Index of /genomes/all/GCF/002/717/025/GCF_002717025.1_ASM271702v1</title>', '</head>']
  FAILED: GCF_000389965.1_ASM38996v1: No _genomic.fna.gz file in https://ftp.ncbi.nlm.nih.gov/genomes/all/GCF/000/389/965/GCF_000389965.1_ASM38996v1; listing: ['<!DOCTYPE HTML PUBLIC "-//W3C//DTD HTML 3.2 Final//EN">', '<html>', '<head>', '<title>Index of /genomes/all/GCF/000/389/965/GCF_000389965.1_ASM38996v1</title>', '</head>']
  FAILED: GCF_049103745.1_ASM4910374v1: No _genomic.fna.gz file in https://ftp.ncbi.nlm.nih.gov/genomes/all/GCF/049/103/745/GCF_049103745.1_ASM4910374v1; listing: ['<!DOCTYPE HTML PUBLIC "-//W3C//DTD HTML 3.2 Final//EN">', '<html>', '<head>', '<title>Index of /genomes/all/GCF/049/103/745/GCF_049103745.1_ASM4910374v1</title>', '</head>']
  FAILED: GCF_000023245.1_ASM2324v1: No _genomic.fna.gz file in https://ftp.ncbi.nlm.nih.gov/genomes/all/GCF/000/023/245/GCF_000023245.1_ASM2324v1; listing: ['<!DOCTYPE HTML PUBLIC "-//W3C//DTD HTML 3.2 Final//EN">', '<html>', '<head>', '<title>Index of /genomes/all/GCF/000/023/245/GCF_000023245.1_ASM2324v1</title>', '</head>']
  FAILED: GCF_000494755.1_ASM49475v1: No _genomic.fna.gz file in https://ftp.ncbi.nlm.nih.gov/genomes/all/GCF/000/494/755/GCF_000494755.1_ASM49475v1; listing: ['<!DOCTYPE HTML PUBLIC "-//W3C//DTD HTML 3.2 Final//EN">', '<html>', '<head>', '<title>Index of /genomes/all/GCF/000/494/755/GCF_000494755.1_ASM49475v1</title>', '</head>']
  FAILED: GCF_002354875.1_ASM235487v1: No _genomic.fna.gz file in https://ftp.ncbi.nlm.nih.gov/genomes/all/GCF/002/354/875/GCF_002354875.1_ASM235487v1; listing: ['<!DOCTYPE HTML PUBLIC "-//W3C//DTD HTML 3.2 Final//EN">', '<html>', '<head>', '<title>Index of /genomes/all/GCF/002/354/875/GCF_002354875.1_ASM235487v1</title>', '</head>']
  FAILED: GCF_014042015.1_ASM1404201v1: No _genomic.fna.gz file in https://ftp.ncbi.nlm.nih.gov/genomes/all/GCF/014/042/015/GCF_014042015.1_ASM1404201v1; listing: ['<!DOCTYPE HTML PUBLIC "-//W3C//DTD HTML 3.2 Final//EN">', '<html>', '<head>', '<title>Index of /genomes/all/GCF/014/042/015/GCF_014042015.1_ASM1404201v1</title>', '</head>']
  FAILED: GCF_000724605.1_ASM72460v1: No _genomic.fna.gz file in https://ftp.ncbi.nlm.nih.gov/genomes/all/GCF/000/724/605/GCF_000724605.1_ASM72460v1; listing: ['<!DOCTYPE HTML PUBLIC "-//W3C//DTD HTML 3.2 Final//EN">', '<html>', '<head>', '<title>Index of /genomes/all/GCF/000/724/605/GCF_000724605.1_ASM72460v1</title>', '</head>']
  FAILED: GCF_050942485.1_MDNA_WGS_218_assembly: No _genomic.fna.gz file in https://ftp.ncbi.nlm.nih.gov/genomes/all/GCF/050/942/485/GCF_050942485.1_MDNA_WGS_218_assembly; listing: ['<!DOCTYPE HTML PUBLIC "-//W3C//DTD HTML 3.2 Final//EN">', '<html>', '<head>', '<title>Index of /genomes/all/GCF/050/942/485/GCF_050942485.1_MDNA_WGS_218_assembly</title>', '</head>']
  FAILED: GCF_043174105.1_ASM4317410v1: No _genomic.fna.gz file in https://ftp.ncbi.nlm.nih.gov/genomes/all/GCF/043/174/105/GCF_043174105.1_ASM4317410v1; listing: ['<!DOCTYPE HTML PUBLIC "-//W3C//DTD HTML 3.2 Final//EN">', '<html>', '<head>', '<title>Index of /genomes/all/GCF/043/174/105/GCF_043174105.1_ASM4317410v1</title>', '</head>']
  FAILED: GCF_002860685.3_ASM286068v3: No _genomic.fna.gz file in https://ftp.ncbi.nlm.nih.gov/genomes/all/GCF/002/860/685/GCF_002860685.3_ASM286068v3; listing: ['<!DOCTYPE HTML PUBLIC "-//W3C//DTD HTML 3.2 Final//EN">', '<html>', '<head>', '<title>Index of /genomes/all/GCF/002/860/685/GCF_002860685.3_ASM286068v3</title>', '</head>']
  FAILED: GCF_034555335.1_ASM3455533v1: No _genomic.fna.gz file in https://ftp.ncbi.nlm.nih.gov/genomes/all/GCF/034/555/335/GCF_034555335.1_ASM3455533v1; listing: ['<!DOCTYPE HTML PUBLIC "-//W3C//DTD HTML 3.2 Final//EN">', '<html>', '<head>', '<title>Index of /genomes/all/GCF/034/555/335/GCF_034555335.1_ASM3455533v1</title>', '</head>']
  FAILED: GCF_000284295.1_ASM28429v1: No _genomic.fna.gz file in https://ftp.ncbi.nlm.nih.gov/genomes/all/GCF/000/284/295/GCF_000284295.1_ASM28429v1; listing: ['<!DOCTYPE HTML PUBLIC "-//W3C//DTD HTML 3.2 Final//EN">', '<html>', '<head>', '<title>Index of /genomes/all/GCF/000/284/295/GCF_000284295.1_ASM28429v1</title>', '</head>']
  FAILED: GCF_002872015.2_ASM287201v2: No _genomic.fna.gz file in https://ftp.ncbi.nlm.nih.gov/genomes/all/GCF/002/872/015/GCF_002872015.2_ASM287201v2; listing: ['<!DOCTYPE HTML PUBLIC "-//W3C//DTD HTML 3.2 Final//EN">', '<html>', '<head>', '<title>Index of /genomes/all/GCF/002/872/015/GCF_002872015.2_ASM287201v2</title>', '</head>']
  FAILED: GCF_019679435.2_ASM1967943v2: No _genomic.fna.gz file in https://ftp.ncbi.nlm.nih.gov/genomes/all/GCF/019/679/435/GCF_019679435.2_ASM1967943v2; listing: ['<!DOCTYPE HTML PUBLIC "-//W3C//DTD HTML 3.2 Final//EN">', '<html>', '<head>', '<title>Index of /genomes/all/GCF/019/679/435/GCF_019679435.2_ASM1967943v2</title>', '</head>']
  FAILED: GCF_029023725.1_ASM2902372v1: No _genomic.fna.gz file in https://ftp.ncbi.nlm.nih.gov/genomes/all/GCF/029/023/725/GCF_029023725.1_ASM2902372v1; listing: ['<!DOCTYPE HTML PUBLIC "-//W3C//DTD HTML 3.2 Final//EN">', '<html>', '<head>', '<title>Index of /genomes/all/GCF/029/023/725/GCF_029023725.1_ASM2902372v1</title>', '</head>']
  FAILED: GCF_965213555.1_glLicConf4.Acuticoccus_sp_1.1: No _genomic.fna.gz file in https://ftp.ncbi.nlm.nih.gov/genomes/all/GCF/965/213/555/GCF_965213555.1_glLicConf4.Acuticoccus_sp_1.1; listing: ['<!DOCTYPE HTML PUBLIC "-//W3C//DTD HTML 3.2 Final//EN">', '<html>', '<head>', '<title>Index of /genomes/all/GCF/965/213/555/GCF_965213555.1_glLicConf4.Acuticoccus_sp_1.1</title>', '</head>']
  FAILED: GCF_031195445.1_ASM3119544v1: No _genomic.fna.gz file in https://ftp.ncbi.nlm.nih.gov/genomes/all/GCF/031/195/445/GCF_031195445.1_ASM3119544v1; listing: ['<!DOCTYPE HTML PUBLIC "-//W3C//DTD HTML 3.2 Final//EN">', '<html>', '<head>', '<title>Index of /genomes/all/GCF/031/195/445/GCF_031195445.1_ASM3119544v1</title>', '</head>']
  FAILED: GCF_014075995.1_ASM1407599v1: No _genomic.fna.gz file in https://ftp.ncbi.nlm.nih.gov/genomes/all/GCF/014/075/995/GCF_014075995.1_ASM1407599v1; listing: ['<!DOCTYPE HTML PUBLIC "-//W3C//DTD HTML 3.2 Final//EN">', '<html>', '<head>', '<title>Index of /genomes/all/GCF/014/075/995/GCF_014075995.1_ASM1407599v1</title>', '</head>']
  FAILED: GCF_007741515.1_ASM774151v1: No _genomic.fna.gz file in https://ftp.ncbi.nlm.nih.gov/genomes/all/GCF/007/741/515/GCF_007741515.1_ASM774151v1; listing: ['<!DOCTYPE HTML PUBLIC "-//W3C//DTD HTML 3.2 Final//EN">', '<html>', '<head>', '<title>Index of /genomes/all/GCF/007/741/515/GCF_007741515.1_ASM774151v1</title>', '</head>']
  FAILED: GCF_022865125.1_ASM2286512v1: No _genomic.fna.gz file in https://ftp.ncbi.nlm.nih.gov/genomes/all/GCF/022/865/125/GCF_022865125.1_ASM2286512v1; listing: ['<!DOCTYPE HTML PUBLIC "-//W3C//DTD HTML 3.2 Final//EN">', '<html>', '<head>', '<title>Index of /genomes/all/GCF/022/865/125/GCF_022865125.1_ASM2286512v1</title>', '</head>']
  FAILED: GCF_016865385.1_ASM1686538v1: No _genomic.fna.gz file in https://ftp.ncbi.nlm.nih.gov/genomes/all/GCF/016/865/385/GCF_016865385.1_ASM1686538v1; listing: ['<!DOCTYPE HTML PUBLIC "-//W3C//DTD HTML 3.2 Final//EN">', '<html>', '<head>', '<title>Index of /genomes/all/GCF/016/865/385/GCF_016865385.1_ASM1686538v1</title>', '</head>']
  FAILED: GCF_011405655.2_ASM1140565v2: No _genomic.fna.gz file in https://ftp.ncbi.nlm.nih.gov/genomes/all/GCF/011/405/655/GCF_011405655.2_ASM1140565v2; listing: ['<!DOCTYPE HTML PUBLIC "-//W3C//DTD HTML 3.2 Final//EN">', '<html>', '<head>', '<title>Index of /genomes/all/GCF/011/405/655/GCF_011405655.2_ASM1140565v2</title>', '</head>']
  FAILED: GCF_000521505.1_ASM52150v1: No _genomic.fna.gz file in https://ftp.ncbi.nlm.nih.gov/genomes/all/GCF/000/521/505/GCF_000521505.1_ASM52150v1; listing: ['<!DOCTYPE HTML PUBLIC "-//W3C//DTD HTML 3.2 Final//EN">', '<html>', '<head>', '<title>Index of /genomes/all/GCF/000/521/505/GCF_000521505.1_ASM52150v1</title>', '</head>']
  FAILED: GCF_000219915.2_ASM21991v3: No _genomic.fna.gz file in https://ftp.ncbi.nlm.nih.gov/genomes/all/GCF/000/219/915/GCF_000219915.2_ASM21991v3; listing: ['<!DOCTYPE HTML PUBLIC "-//W3C//DTD HTML 3.2 Final//EN">', '<html>', '<head>', '<title>Index of /genomes/all/GCF/000/219/915/GCF_000219915.2_ASM21991v3</title>', '</head>']
  FAILED: GCF_015476115.1_ASM1547611v1: No _genomic.fna.gz file in https://ftp.ncbi.nlm.nih.gov/genomes/all/GCF/015/476/115/GCF_015476115.1_ASM1547611v1; listing: ['<!DOCTYPE HTML PUBLIC "-//W3C//DTD HTML 3.2 Final//EN">', '<html>', '<head>', '<title>Index of /genomes/all/GCF/015/476/115/GCF_015476115.1_ASM1547611v1</title>', '</head>']
  FAILED: GCF_030520125.1_ASM3052012v1: No _genomic.fna.gz file in https://ftp.ncbi.nlm.nih.gov/genomes/all/GCF/030/520/125/GCF_030520125.1_ASM3052012v1; listing: ['<!DOCTYPE HTML PUBLIC "-//W3C//DTD HTML 3.2 Final//EN">', '<html>', '<head>', '<title>Index of /genomes/all/GCF/030/520/125/GCF_030520125.1_ASM3052012v1</title>', '</head>']
  FAILED: GCF_009910365.1_ASM991036v1: No _genomic.fna.gz file in https://ftp.ncbi.nlm.nih.gov/genomes/all/GCF/009/910/365/GCF_009910365.1_ASM991036v1; listing: ['<!DOCTYPE HTML PUBLIC "-//W3C//DTD HTML 3.2 Final//EN">', '<html>', '<head>', '<title>Index of /genomes/all/GCF/009/910/365/GCF_009910365.1_ASM991036v1</title>', '</head>']
  FAILED: GCF_007748035.1_ASM774803v1: No _genomic.fna.gz file in https://ftp.ncbi.nlm.nih.gov/genomes/all/GCF/007/748/035/GCF_007748035.1_ASM774803v1; listing: ['<!DOCTYPE HTML PUBLIC "-//W3C//DTD HTML 3.2 Final//EN">', '<html>', '<head>', '<title>Index of /genomes/all/GCF/007/748/035/GCF_007748035.1_ASM774803v1</title>', '</head>']
  FAILED: GCF_900638585.1_57845_G01: No _genomic.fna.gz file in https://ftp.ncbi.nlm.nih.gov/genomes/all/GCF/900/638/585/GCF_900638585.1_57845_G01; listing: ['<!DOCTYPE HTML PUBLIC "-//W3C//DTD HTML 3.2 Final//EN">', '<html>', '<head>', '<title>Index of /genomes/all/GCF/900/638/585/GCF_900638585.1_57845_G01</title>', '</head>']
  FAILED: GCF_016757735.1_ASM1675773v1: No _genomic.fna.gz file in https://ftp.ncbi.nlm.nih.gov/genomes/all/GCF/016/757/735/GCF_016757735.1_ASM1675773v1; listing: ['<!DOCTYPE HTML PUBLIC "-//W3C//DTD HTML 3.2 Final//EN">', '<html>', '<head>', '<title>Index of /genomes/all/GCF/016/757/735/GCF_016757735.1_ASM1675773v1</title>', '</head>']
  FAILED: GCF_004022485.1_ASM402248v1: No _genomic.fna.gz file in https://ftp.ncbi.nlm.nih.gov/genomes/all/GCF/004/022/485/GCF_004022485.1_ASM402248v1; listing: ['<!DOCTYPE HTML PUBLIC "-//W3C//DTD HTML 3.2 Final//EN">', '<html>', '<head>', '<title>Index of /genomes/all/GCF/004/022/485/GCF_004022485.1_ASM402248v1</title>', '</head>']
  FAILED: GCF_020341635.1_ASM2034163v1: No _genomic.fna.gz file in https://ftp.ncbi.nlm.nih.gov/genomes/all/GCF/020/341/635/GCF_020341635.1_ASM2034163v1; listing: ['<!DOCTYPE HTML PUBLIC "-//W3C//DTD HTML 3.2 Final//EN">', '<html>', '<head>', '<title>Index of /genomes/all/GCF/020/341/635/GCF_020341635.1_ASM2034163v1</title>', '</head>']
  FAILED: GCF_002201475.1_ASM220147v1: No _genomic.fna.gz file in https://ftp.ncbi.nlm.nih.gov/genomes/all/GCF/002/201/475/GCF_002201475.1_ASM220147v1; listing: ['<!DOCTYPE HTML PUBLIC "-//W3C//DTD HTML 3.2 Final//EN">', '<html>', '<head>', '<title>Index of /genomes/all/GCF/002/201/475/GCF_002201475.1_ASM220147v1</title>', '</head>']
  FAILED: GCF_031760945.1_ASM3176094v1: No _genomic.fna.gz file in https://ftp.ncbi.nlm.nih.gov/genomes/all/GCF/031/760/945/GCF_031760945.1_ASM3176094v1; listing: ['<!DOCTYPE HTML PUBLIC "-//W3C//DTD HTML 3.2 Final//EN">', '<html>', '<head>', '<title>Index of /genomes/all/GCF/031/760/945/GCF_031760945.1_ASM3176094v1</title>', '</head>']
  FAILED: GCF_000265385.1_ASM26538v1: No _genomic.fna.gz file in https://ftp.ncbi.nlm.nih.gov/genomes/all/GCF/000/265/385/GCF_000265385.1_ASM26538v1; listing: ['<!DOCTYPE HTML PUBLIC "-//W3C//DTD HTML 3.2 Final//EN">', '<html>', '<head>', '<title>Index of /genomes/all/GCF/000/265/385/GCF_000265385.1_ASM26538v1</title>', '</head>']
  FAILED: GCF_037963925.1_PS01971: No _genomic.fna.gz file in https://ftp.ncbi.nlm.nih.gov/genomes/all/GCF/037/963/925/GCF_037963925.1_PS01971; listing: ['<!DOCTYPE HTML PUBLIC "-//W3C//DTD HTML 3.2 Final//EN">', '<html>', '<head>', '<title>Index of /genomes/all/GCF/037/963/925/GCF_037963925.1_PS01971</title>', '</head>']
  FAILED: GCF_037963755.1_PS01998: No _genomic.fna.gz file in https://ftp.ncbi.nlm.nih.gov/genomes/all/GCF/037/963/755/GCF_037963755.1_PS01998; listing: ['<!DOCTYPE HTML PUBLIC "-//W3C//DTD HTML 3.2 Final//EN">', '<html>', '<head>', '<title>Index of /genomes/all/GCF/037/963/755/GCF_037963755.1_PS01998</title>', '</head>']
  FAILED: GCF_000193205.1_ASM19320v1: No _genomic.fna.gz file in https://ftp.ncbi.nlm.nih.gov/genomes/all/GCF/000/193/205/GCF_000193205.1_ASM19320v1; listing: ['<!DOCTYPE HTML PUBLIC "-//W3C//DTD HTML 3.2 Final//EN">', '<html>', '<head>', '<title>Index of /genomes/all/GCF/000/193/205/GCF_000193205.1_ASM19320v1</title>', '</head>']
