Assuming unrestricted shared filesystem usage.
host: dhcp-10-105-125-148.wireless.northwestern.private
Building DAG of jobs...
Using shell: /bin/bash
Provided cores: 8
Rules claiming more threads will be scaled down.
Job stats:
job                              count
-----------------------------  -------
audit_species_diversity              1
build_tree                           1
hmmsearch_hk_reps_domtbl             1
extract_hamp_linkers                 1
identify_chimera_targets             1
download_alphafold_structures        1
hamp_register_analysis               1
validate_ground_truth                1
analyze_af2_hamp_plddt               1
prepare_rfdiffusion_inputs           1
all                                  1
total                               11

Select jobs to execute...
Execute 1 jobs...
[Fri Mar 20 19:27:42 2026]
localrule hmmsearch_hk_reps_domtbl:
    input: results/representatives/hk_reps.faa, data/pfam_tcs.hmm
    output: results/domains/hk_reps_domtbl.txt
    jobid: 68
    reason: Updated input files: data/pfam_tcs.hmm
    threads: 8
    resources: tmpdir=/var/folders/nc/ksbzr4_x02ldv_0d67zq0m3r0000gn/T
Select jobs to execute...
[Fri Mar 20 19:28:56 2026]
Finished jobid: 68 (Rule: hmmsearch_hk_reps_domtbl)
1 of 11 steps (9%) done
Execute 4 jobs...
[Fri Mar 20 19:28:56 2026]
localrule audit_species_diversity:
    input: results/annotation/hk_annotation.tsv, results/annotation/rr_annotation.tsv, data/reference/well_characterized_tcs.tsv
    output: results/diversity_audit/diversity_audit_summary.txt, results/diversity_audit/diversity_genus_counts.tsv, results/diversity_audit/recommended_genomes_status.tsv, results/diversity_audit/reference_tcs_coverage.tsv
    jobid: 69
    reason: Missing output files: results/diversity_audit/diversity_audit_summary.txt
    resources: tmpdir=/var/folders/nc/ksbzr4_x02ldv_0d67zq0m3r0000gn/T
[Fri Mar 20 19:28:56 2026]
localrule build_tree:
    input: results/alignment/tcs_alignment.faa
    output: results/phylogeny/tcs_tree.treefile
    jobid: 44
    reason: Missing output files: results/phylogeny/tcs_tree.treefile; Code has changed since last execution
    resources: tmpdir=/var/folders/nc/ksbzr4_x02ldv_0d67zq0m3r0000gn/T
[Fri Mar 20 19:28:56 2026]
localrule identify_chimera_targets:
    input: results/clusters/hk_clusters/clusters.tsv, results/clusters/rr_clusters/clusters.tsv, results/annotation/hk_annotation.tsv, results/annotation/rr_annotation.tsv, results/homology/hk_vs_rr_homology.m8, results/domains/hk_reps_domtbl.txt, data/reference/well_characterized_tcs.tsv
    output: results/chimera_targets/chimera_candidates.tsv
    jobid: 64
    reason: Input files updated by another job: results/domains/hk_reps_domtbl.txt
    resources: tmpdir=/var/folders/nc/ksbzr4_x02ldv_0d67zq0m3r0000gn/T
[Fri Mar 20 19:28:56 2026]
localrule extract_hamp_linkers:
    input: results/representatives/hk_reps.faa, results/domains/hk_reps_domtbl.txt
    output: results/deepcoil/hamp_linker_regions.faa
    jobid: 72
    reason: Input files updated by another job: results/domains/hk_reps_domtbl.txt
    resources: tmpdir=/var/folders/nc/ksbzr4_x02ldv_0d67zq0m3r0000gn/T
[Fri Mar 20 19:28:56 2026]
Finished jobid: 72 (Rule: extract_hamp_linkers)
2 of 11 steps (18%) done
Select jobs to execute...
Execute 1 jobs...
[Fri Mar 20 19:28:56 2026]
localrule hamp_register_analysis:
    input: results/deepcoil/hamp_linker_regions.faa
    output: results/deepcoil/hamp_register_predictions.tsv
    jobid: 71
    reason: Missing output files: results/deepcoil/hamp_register_predictions.tsv; Input files updated by another job: results/deepcoil/hamp_linker_regions.faa
    resources: tmpdir=/var/folders/nc/ksbzr4_x02ldv_0d67zq0m3r0000gn/T
[Fri Mar 20 19:28:56 2026]
Finished jobid: 64 (Rule: identify_chimera_targets)
3 of 11 steps (27%) done
Select jobs to execute...
Execute 2 jobs...
[Fri Mar 20 19:28:56 2026]
localrule validate_ground_truth:
    input: data/reference/well_characterized_tcs.tsv, results/annotation/hk_annotation.tsv, results/annotation/rr_annotation.tsv, results/chimera_targets/chimera_candidates.tsv
    output: results/validation/ground_truth_validation.tsv, results/validation/validation_summary.txt
    jobid: 75
    reason: Missing output files: results/validation/validation_summary.txt; Input files updated by another job: results/chimera_targets/chimera_candidates.tsv
    resources: tmpdir=/var/folders/nc/ksbzr4_x02ldv_0d67zq0m3r0000gn/T
[Fri Mar 20 19:28:56 2026]
localrule download_alphafold_structures:
    input: results/chimera_targets/chimera_candidates.tsv
    output: results/alphafold/af2_manifest.tsv
    jobid: 70
    reason: Missing output files: results/alphafold/af2_manifest.tsv; Input files updated by another job: results/chimera_targets/chimera_candidates.tsv
    resources: tmpdir=/var/folders/nc/ksbzr4_x02ldv_0d67zq0m3r0000gn/T
[Fri Mar 20 19:28:56 2026]
Finished jobid: 71 (Rule: hamp_register_analysis)
4 of 11 steps (36%) done
[Fri Mar 20 19:28:57 2026]
Finished jobid: 75 (Rule: validate_ground_truth)
5 of 11 steps (45%) done
[Fri Mar 20 19:28:57 2026]
Finished jobid: 69 (Rule: audit_species_diversity)
6 of 11 steps (55%) done
[Fri Mar 20 19:29:00 2026]
Finished jobid: 70 (Rule: download_alphafold_structures)
7 of 11 steps (64%) done
Select jobs to execute...
Execute 2 jobs...
[Fri Mar 20 19:29:00 2026]
localrule prepare_rfdiffusion_inputs:
    input: results/chimera_targets/chimera_candidates.tsv, results/alphafold/af2_manifest.tsv
    output: results/rfdiffusion/candidates_for_design.tsv
    jobid: 74
    reason: Missing output files: results/rfdiffusion/candidates_for_design.tsv; Input files updated by another job: results/chimera_targets/chimera_candidates.tsv, results/alphafold/af2_manifest.tsv
    resources: tmpdir=/var/folders/nc/ksbzr4_x02ldv_0d67zq0m3r0000gn/T
[Fri Mar 20 19:29:00 2026]
localrule analyze_af2_hamp_plddt:
    input: results/alphafold/af2_manifest.tsv, results/domains/hk_reps_domtbl.txt
    output: results/deepcoil/af2_plddt_analysis.tsv
    jobid: 73
    reason: Missing output files: results/deepcoil/af2_plddt_analysis.tsv; Input files updated by another job: results/domains/hk_reps_domtbl.txt, results/alphafold/af2_manifest.tsv
    resources: tmpdir=/var/folders/nc/ksbzr4_x02ldv_0d67zq0m3r0000gn/T
RuleException:
CalledProcessError in file "/Users/matthew/Desktop/tcs_engineering/workflow/rules/deepcoil.smk", line 101:
Command 'export PATH=/Users/matthew/Desktop/tcs_engineering/tcs-env/bin:/opt/homebrew/bin:$PATH;  
        python scripts/analyze_af2_hamp_plddt.py             --af2_manifest results/alphafold/af2_manifest.tsv             --domtbl results/domains/hk_reps_domtbl.txt             --output results/deepcoil/af2_plddt_analysis.tsv' returned non-zero exit status 2.
[Fri Mar 20 19:29:00 2026]
Error in rule analyze_af2_hamp_plddt:
    message: None
    jobid: 73
    input: results/alphafold/af2_manifest.tsv, results/domains/hk_reps_domtbl.txt
    output: results/deepcoil/af2_plddt_analysis.tsv
    shell:
        
        python scripts/analyze_af2_hamp_plddt.py             --af2_manifest results/alphafold/af2_manifest.tsv             --domtbl results/domains/hk_reps_domtbl.txt             --output results/deepcoil/af2_plddt_analysis.tsv
        
        (command exited with non-zero exit code)
[Fri Mar 20 19:29:01 2026]
Finished jobid: 74 (Rule: prepare_rfdiffusion_inputs)
8 of 11 steps (73%) done
[Fri Mar 20 19:37:03 2026]
Finished jobid: 44 (Rule: build_tree)
9 of 11 steps (82%) done
Shutting down, this might take some time.
Exiting because a job execution failed. Look below for error messages
[Fri Mar 20 19:37:03 2026]
Error in rule analyze_af2_hamp_plddt:
    message: None
    jobid: 73
    input: results/alphafold/af2_manifest.tsv, results/domains/hk_reps_domtbl.txt
    output: results/deepcoil/af2_plddt_analysis.tsv
    shell:
        
        python scripts/analyze_af2_hamp_plddt.py             --af2_manifest results/alphafold/af2_manifest.tsv             --domtbl results/domains/hk_reps_domtbl.txt             --output results/deepcoil/af2_plddt_analysis.tsv
        
        (command exited with non-zero exit code)
Complete log(s): /Users/matthew/Desktop/tcs_engineering/.snakemake/log/2026-03-20T192739.958254.snakemake.log
WorkflowError:
At least one job did not complete successfully.
