Assuming unrestricted shared filesystem usage.
host: dhcp-10-105-125-148.wireless.northwestern.private
Building DAG of jobs...
Using shell: /bin/bash
Provided cores: 8
Rules claiming more threads will be scaled down.
Job stats:
job                              count
-----------------------------  -------
hmmsearch_hk_reps_domtbl             1
extract_hamp_linkers                 1
identify_chimera_targets             1
download_alphafold_structures        1
hamp_register_analysis               1
validate_ground_truth                1
analyze_af2_hamp_plddt               1
prepare_rfdiffusion_inputs           1
all                                  1
total                                9

Select jobs to execute...
Execute 1 jobs...
[Fri Mar 20 19:47:44 2026]
localrule hmmsearch_hk_reps_domtbl:
    input: results/representatives/hk_reps.faa, data/pfam_tcs.hmm
    output: results/domains/hk_reps_domtbl.txt
    jobid: 68
    reason: Updated input files: data/pfam_tcs.hmm
    threads: 8
    resources: tmpdir=/var/folders/nc/ksbzr4_x02ldv_0d67zq0m3r0000gn/T
[Fri Mar 20 19:48:57 2026]
Finished jobid: 68 (Rule: hmmsearch_hk_reps_domtbl)
1 of 9 steps (11%) done
Select jobs to execute...
Execute 2 jobs...
[Fri Mar 20 19:48:57 2026]
localrule extract_hamp_linkers:
    input: results/representatives/hk_reps.faa, results/domains/hk_reps_domtbl.txt
    output: results/deepcoil/hamp_linker_regions.faa
    jobid: 72
    reason: Input files updated by another job: results/domains/hk_reps_domtbl.txt
    resources: tmpdir=/var/folders/nc/ksbzr4_x02ldv_0d67zq0m3r0000gn/T
[Fri Mar 20 19:48:57 2026]
localrule identify_chimera_targets:
    input: results/clusters/hk_clusters/clusters.tsv, results/clusters/rr_clusters/clusters.tsv, results/annotation/hk_annotation.tsv, results/annotation/rr_annotation.tsv, results/homology/hk_vs_rr_homology.m8, results/domains/hk_reps_domtbl.txt, data/reference/well_characterized_tcs.tsv
    output: results/chimera_targets/chimera_candidates.tsv
    jobid: 64
    reason: Input files updated by another job: results/domains/hk_reps_domtbl.txt
    resources: tmpdir=/var/folders/nc/ksbzr4_x02ldv_0d67zq0m3r0000gn/T
[Fri Mar 20 19:48:58 2026]
Finished jobid: 72 (Rule: extract_hamp_linkers)
2 of 9 steps (22%) done
Select jobs to execute...
Execute 1 jobs...
[Fri Mar 20 19:48:58 2026]
localrule hamp_register_analysis:
    input: results/deepcoil/hamp_linker_regions.faa
    output: results/deepcoil/hamp_register_predictions.tsv
    jobid: 71
    reason: Input files updated by another job: results/deepcoil/hamp_linker_regions.faa
    resources: tmpdir=/var/folders/nc/ksbzr4_x02ldv_0d67zq0m3r0000gn/T
[Fri Mar 20 19:48:58 2026]
Finished jobid: 71 (Rule: hamp_register_analysis)
3 of 9 steps (33%) done
[Fri Mar 20 19:48:58 2026]
Finished jobid: 64 (Rule: identify_chimera_targets)
4 of 9 steps (44%) done
Select jobs to execute...
Execute 2 jobs...
[Fri Mar 20 19:48:58 2026]
localrule validate_ground_truth:
    input: data/reference/well_characterized_tcs.tsv, results/annotation/hk_annotation.tsv, results/annotation/rr_annotation.tsv, results/chimera_targets/chimera_candidates.tsv
    output: results/validation/ground_truth_validation.tsv, results/validation/validation_summary.txt
    jobid: 75
    reason: Input files updated by another job: results/chimera_targets/chimera_candidates.tsv
    resources: tmpdir=/var/folders/nc/ksbzr4_x02ldv_0d67zq0m3r0000gn/T
[Fri Mar 20 19:48:58 2026]
localrule download_alphafold_structures:
    input: results/chimera_targets/chimera_candidates.tsv
    output: results/alphafold/af2_manifest.tsv
    jobid: 70
    reason: Input files updated by another job: results/chimera_targets/chimera_candidates.tsv
    resources: tmpdir=/var/folders/nc/ksbzr4_x02ldv_0d67zq0m3r0000gn/T
[Fri Mar 20 19:48:58 2026]
Finished jobid: 75 (Rule: validate_ground_truth)
5 of 9 steps (56%) done
[Fri Mar 20 19:49:02 2026]
Finished jobid: 70 (Rule: download_alphafold_structures)
6 of 9 steps (67%) done
Select jobs to execute...
Execute 2 jobs...
[Fri Mar 20 19:49:02 2026]
localrule analyze_af2_hamp_plddt:
    input: results/alphafold/af2_manifest.tsv, results/domains/hk_reps_domtbl.txt
    output: results/deepcoil/af2_plddt_analysis.tsv
    jobid: 73
    reason: Missing output files: results/deepcoil/af2_plddt_analysis.tsv; Input files updated by another job: results/alphafold/af2_manifest.tsv, results/domains/hk_reps_domtbl.txt
    resources: tmpdir=/var/folders/nc/ksbzr4_x02ldv_0d67zq0m3r0000gn/T
[Fri Mar 20 19:49:02 2026]
localrule prepare_rfdiffusion_inputs:
    input: results/chimera_targets/chimera_candidates.tsv, results/alphafold/af2_manifest.tsv
    output: results/rfdiffusion/candidates_for_design.tsv
    jobid: 74
    reason: Input files updated by another job: results/chimera_targets/chimera_candidates.tsv, results/alphafold/af2_manifest.tsv
    resources: tmpdir=/var/folders/nc/ksbzr4_x02ldv_0d67zq0m3r0000gn/T
[Fri Mar 20 19:49:02 2026]
Finished jobid: 74 (Rule: prepare_rfdiffusion_inputs)
7 of 9 steps (78%) done
[Fri Mar 20 19:49:02 2026]
Finished jobid: 73 (Rule: analyze_af2_hamp_plddt)
8 of 9 steps (89%) done
Select jobs to execute...
Execute 1 jobs...
[Fri Mar 20 19:49:02 2026]
localrule all:
    input: results/operons/GCF_000009725.1_ASM972v1.tsv, results/operons/GCF_000203835.1_ASM20383v1.tsv, results/operons/GCF_000009705.1_ASM970v1.tsv, results/operons/GCF_000009485.1_ASM948v1.tsv, results/operons/GCF_000009045.1_ASM904v1.tsv, results/operons/GCF_000008545.1_ASM854v1.tsv, results/operons/GCF_000012685.1_ASM1268v1.tsv, results/operons/GCF_000011505.1_ASM1150v1.tsv, results/operons/GCF_000005845.2_ASM584v2.tsv, results/operons/GCF_000022005.1_ASM2200v1.tsv, results/clusters/hk_clusters/clusters.tsv, results/clusters/rr_clusters/clusters.tsv, results/phylogeny/tcs_tree.treefile, results/promoters/meme.html, results/homology/hk_homology.m8, results/homology/rr_homology.m8, results/homology/hk_vs_rr_homology.m8, results/chimera_targets/chimera_candidates.tsv, results/diversity_audit/diversity_audit_summary.txt, results/alphafold/af2_manifest.tsv, results/deepcoil/hamp_register_predictions.tsv, results/deepcoil/af2_plddt_analysis.tsv, results/rfdiffusion/candidates_for_design.tsv, results/validation/validation_summary.txt
    jobid: 0
    reason: Input files updated by another job: results/deepcoil/hamp_register_predictions.tsv, results/validation/validation_summary.txt, results/deepcoil/af2_plddt_analysis.tsv, results/rfdiffusion/candidates_for_design.tsv, results/chimera_targets/chimera_candidates.tsv, results/alphafold/af2_manifest.tsv
    resources: tmpdir=/var/folders/nc/ksbzr4_x02ldv_0d67zq0m3r0000gn/T
[Fri Mar 20 19:49:02 2026]
Finished jobid: 0 (Rule: all)
9 of 9 steps (100%) done
Complete log(s): /Users/matthew/Desktop/tcs_engineering/.snakemake/log/2026-03-20T194741.522572.snakemake.log
