Assuming unrestricted shared filesystem usage.
host: Matthews-MacBook-Pro-638.local
Building DAG of jobs...
Using shell: /bin/bash
Provided cores: 8
Rules claiming more threads will be scaled down.
Job stats:
job                             count
----------------------------  -------
hamp_centric_swap_candidates        1
total                               1

Select jobs to execute...
Execute 1 jobs...
[Sun Mar 22 10:56:58 2026]
localrule hamp_centric_swap_candidates:
    input: results/deepcoil/hamp_linker_regions.faa, results/representatives/hk_reps.faa
    output: results/chimera_targets/hamp_swap_candidates.tsv
    jobid: 0
    reason: Missing output files: results/chimera_targets/hamp_swap_candidates.tsv
    threads: 8
    resources: tmpdir=/var/folders/nc/ksbzr4_x02ldv_0d67zq0m3r0000gn/T
RuleException:
CalledProcessError in file "/Users/matthew/Desktop/tcs_engineering/workflow/rules/chimera.smk", line 119:
Command 'export PATH=/Users/matthew/Desktop/tcs_engineering/tcs-env/bin:/opt/homebrew/bin:$PATH;  
        python scripts/hamp_centric_swap_candidates.py             --hamp_fasta results/deepcoil/hamp_linker_regions.faa             --hk_reps    results/representatives/hk_reps.faa             --output     results/chimera_targets/hamp_swap_candidates.tsv             --threads    8' returned non-zero exit status 1.
[Sun Mar 22 10:56:59 2026]
Error in rule hamp_centric_swap_candidates:
    message: None
    jobid: 0
    input: results/deepcoil/hamp_linker_regions.faa, results/representatives/hk_reps.faa
    output: results/chimera_targets/hamp_swap_candidates.tsv
    shell:
        
        python scripts/hamp_centric_swap_candidates.py             --hamp_fasta results/deepcoil/hamp_linker_regions.faa             --hk_reps    results/representatives/hk_reps.faa             --output     results/chimera_targets/hamp_swap_candidates.tsv             --threads    8
        
        (command exited with non-zero exit code)
Shutting down, this might take some time.
Exiting because a job execution failed. Look below for error messages
[Sun Mar 22 10:56:59 2026]
Error in rule hamp_centric_swap_candidates:
    message: None
    jobid: 0
    input: results/deepcoil/hamp_linker_regions.faa, results/representatives/hk_reps.faa
    output: results/chimera_targets/hamp_swap_candidates.tsv
    shell:
        
        python scripts/hamp_centric_swap_candidates.py             --hamp_fasta results/deepcoil/hamp_linker_regions.faa             --hk_reps    results/representatives/hk_reps.faa             --output     results/chimera_targets/hamp_swap_candidates.tsv             --threads    8
        
        (command exited with non-zero exit code)
Complete log(s): /Users/matthew/Desktop/tcs_engineering/.snakemake/log/2026-03-22T105654.409382.snakemake.log
WorkflowError:
At least one job did not complete successfully.
