Assuming unrestricted shared filesystem usage.
host: Matthews-MacBook-Pro-638.local
Building DAG of jobs...
Using shell: /bin/bash
Provided cores: 2
Rules claiming more threads will be scaled down.
Job stats:
job                          count
-------------------------  -------
prostt5_crossover_scoring        1
total                            1

Select jobs to execute...
Execute 1 jobs...
[Fri Mar 20 23:23:35 2026]
localrule prostt5_crossover_scoring:
    input: results/chimera_targets/chimera_candidates.tsv, results/representatives/hk_reps.faa, results/domains/hk_reps_domtbl.txt
    output: results/crossover/prostt5_crossover_scores.tsv
    jobid: 0
    reason: Missing output files: results/crossover/prostt5_crossover_scores.tsv
    resources: tmpdir=/var/folders/nc/ksbzr4_x02ldv_0d67zq0m3r0000gn/T
[Fri Mar 20 23:23:35 2026]
Finished jobid: 0 (Rule: prostt5_crossover_scoring)
1 of 1 steps (100%) done
Complete log(s): /Users/matthew/Desktop/tcs_engineering/.snakemake/log/2026-03-20T232332.717237.snakemake.log
