Assuming unrestricted shared filesystem usage.
host: Matthews-MacBook-Pro-638.local
Building DAG of jobs...
Using shell: /bin/bash
Provided cores: 4
Rules claiming more threads will be scaled down.
Job stats:
job                        count
-----------------------  -------
extract_hk_rr_sequences        1
detect_genomic_operons         1
extract_promoters              1
merge_sequences                1
align_sequences                1
cluster_tcs                    1
find_motifs                    1
build_tree                     1
all                            1
total                          9

Select jobs to execute...
Execute 1 jobs...
[Mon Mar 16 22:27:56 2026]
localrule extract_hk_rr_sequences:
    input: results/domains/GCF_036600855.1.tbl, data/genomes/GCF_036600855.1/proteins.faa
    output: results/sequences/GCF_036600855.1.faa
    jobid: 3
    reason: Missing output files: results/sequences/GCF_036600855.1.faa; Code has changed since last execution
    wildcards: genome=GCF_036600855.1
    resources: tmpdir=/var/folders/nc/ksbzr4_x02ldv_0d67zq0m3r0000gn/T
RuleException:
CalledProcessError in file "/Users/matthew/Desktop/tcs_engineering/workflow/rules/extract_hk_rr.smk", line 8:
Command 'set -euo pipefail;  
        python scripts/01_detect_domains.py             --proteins data/genomes/GCF_036600855.1/proteins.faa             --pfam data/pfam_tcs.hmm             --outdir results/sequences/' returned non-zero exit status 1.
[Mon Mar 16 22:27:56 2026]
Error in rule extract_hk_rr_sequences:
    message: None
    jobid: 3
    input: results/domains/GCF_036600855.1.tbl, data/genomes/GCF_036600855.1/proteins.faa
    output: results/sequences/GCF_036600855.1.faa
    shell:
        
        python scripts/01_detect_domains.py             --proteins data/genomes/GCF_036600855.1/proteins.faa             --pfam data/pfam_tcs.hmm             --outdir results/sequences/
        
        (command exited with non-zero exit code)
Shutting down, this might take some time.
Exiting because a job execution failed. Look below for error messages
[Mon Mar 16 22:27:56 2026]
Error in rule extract_hk_rr_sequences:
    message: None
    jobid: 3
    input: results/domains/GCF_036600855.1.tbl, data/genomes/GCF_036600855.1/proteins.faa
    output: results/sequences/GCF_036600855.1.faa
    shell:
        
        python scripts/01_detect_domains.py             --proteins data/genomes/GCF_036600855.1/proteins.faa             --pfam data/pfam_tcs.hmm             --outdir results/sequences/
        
        (command exited with non-zero exit code)
Complete log(s): /Users/matthew/Desktop/tcs_engineering/.snakemake/log/2026-03-16T222753.669229.snakemake.log
WorkflowError:
At least one job did not complete successfully.
