Assuming unrestricted shared filesystem usage.
host: Matthews-MacBook-Pro-638.local
Building DAG of jobs...
Using shell: /bin/bash
Provided cores: 1 (use --cores to define parallelism)
Rules claiming more threads will be scaled down.
Job stats:
job                    count
-------------------  -------
build_tree                 1
classify_proteins          1
extract_promoters          1
find_motifs                1
pair_adjacent_genes        1
all                        1
total                      6

Select jobs to execute...
Execute 1 jobs...
[Mon Mar 16 23:43:06 2026]
localrule classify_proteins:
    input: results/domains/GCF_036600855.1.tbl, data/genomes/GCF_036600855.1/proteins.faa
    output: data/pfam/genomes/GCF_036600855.1_proteins.csv
    jobid: 2
    reason: Missing output files: data/pfam/genomes/GCF_036600855.1_proteins.csv; Code has changed since last execution
    wildcards: genome=GCF_036600855.1
    resources: tmpdir=/var/folders/nc/ksbzr4_x02ldv_0d67zq0m3r0000gn/T
RuleException:
CalledProcessError in file "/Users/matthew/Desktop/tcs_engineering/workflow/rules/extract_hk_rr.smk", line 23:
Command 'set -euo pipefail;  
        source ../../tcs-env/bin/activate && python scripts/01_detect_domains.py             --proteins data/genomes/GCF_036600855.1/proteins.faa             --hmm_table results/domains/GCF_036600855.1.tbl             --output results/sequences/GCF_036600855.1.faa             --csv_output data/pfam/genomes/GCF_036600855.1_proteins.csv' returned non-zero exit status 1.
[Mon Mar 16 23:43:07 2026]
Error in rule classify_proteins:
    message: None
    jobid: 2
    input: results/domains/GCF_036600855.1.tbl, data/genomes/GCF_036600855.1/proteins.faa
    output: data/pfam/genomes/GCF_036600855.1_proteins.csv
    shell:
        
        source ../../tcs-env/bin/activate && python scripts/01_detect_domains.py             --proteins data/genomes/GCF_036600855.1/proteins.faa             --hmm_table results/domains/GCF_036600855.1.tbl             --output results/sequences/GCF_036600855.1.faa             --csv_output data/pfam/genomes/GCF_036600855.1_proteins.csv
        
        (command exited with non-zero exit code)
Shutting down, this might take some time.
Exiting because a job execution failed. Look below for error messages
[Mon Mar 16 23:43:07 2026]
Error in rule classify_proteins:
    message: None
    jobid: 2
    input: results/domains/GCF_036600855.1.tbl, data/genomes/GCF_036600855.1/proteins.faa
    output: data/pfam/genomes/GCF_036600855.1_proteins.csv
    shell:
        
        source ../../tcs-env/bin/activate && python scripts/01_detect_domains.py             --proteins data/genomes/GCF_036600855.1/proteins.faa             --hmm_table results/domains/GCF_036600855.1.tbl             --output results/sequences/GCF_036600855.1.faa             --csv_output data/pfam/genomes/GCF_036600855.1_proteins.csv
        
        (command exited with non-zero exit code)
Complete log(s): /Users/matthew/Desktop/tcs_engineering/.snakemake/log/2026-03-16T234304.331565.snakemake.log
WorkflowError:
At least one job did not complete successfully.
