Assuming unrestricted shared filesystem usage.
host: Matthews-MacBook-Pro-638.local
Building DAG of jobs...
Using shell: /bin/bash
Provided cores: 1 (use --cores to define parallelism)
Rules claiming more threads will be scaled down.
Job stats:
job              count
-------------  -------
fold_chimeras        1
total                1

Select jobs to execute...
Execute 1 jobs...
[Mon Mar 23 22:34:55 2026]
localrule fold_chimeras:
    input: results/chimera_design/chimera_fold_screen.tsv, results/chimera_design/chimera_sequences.faa, results/chimera_design/chimera_hamp_positions.faa
    output: results/chimera_design/esmfold/esmfold_plddt.tsv, results/chimera_design/chimera_validated.tsv
    jobid: 0
    reason: Missing output files: results/chimera_design/chimera_validated.tsv
    resources: tmpdir=/var/folders/nc/ksbzr4_x02ldv_0d67zq0m3r0000gn/T
[Tue Mar 24 11:32:14 2026]
Finished jobid: 0 (Rule: fold_chimeras)
1 of 1 steps (100%) done
Complete log(s): /Users/matthew/Desktop/tcs_engineering/.snakemake/log/2026-03-23T223451.635634.snakemake.log
